LibMedia/lmedia/build/intermediates/manifest_merge_blame_file/release/manifest-merger-blame-release-report.txt
1<?xml version="1.0" encoding="utf-8"?>
2<manifest xmlns:android="http://schemas.android.com/apk/res/android"
3    xmlns:tools="http://schemas.android.com/tools"
4    package="com.rlnb.lib.media"
5    android:versionCode="1"
6    android:versionName="0.0.1" >
7
8    <uses-sdk
9        android:minSdkVersion="19"
9-->src\main\AndroidManifest.xml
10        android:targetSdkVersion="30" />
10-->src\main\AndroidManifest.xml
11
12    <uses-permission android:name="android.permission.READ_EXTERNAL_STORAGE" />
12-->src\main\AndroidManifest.xml:6:5-80
12-->src\main\AndroidManifest.xml:6:22-77
13    <uses-permission android:name="android.permission.WRITE_EXTERNAL_STORAGE" />
13-->src\main\AndroidManifest.xml:7:5-81
13-->src\main\AndroidManifest.xml:7:22-78
14    <uses-permission android:name="android.permission.CAMERA" />
14-->src\main\AndroidManifest.xml:8:5-65
14-->src\main\AndroidManifest.xml:8:22-62
15
16    <application>
16-->src\main\AndroidManifest.xml:10:5-23:19
17        <provider
17-->src\main\AndroidManifest.xml:12:9-22:20
18            android:name="androidx.core.content.FileProvider"
18-->src\main\AndroidManifest.xml:14:13-62
19            android:authorities="${applicationId}.fileprovidermedia"
19-->src\main\AndroidManifest.xml:15:13-69
20            android:exported="false"
20-->src\main\AndroidManifest.xml:16:13-37
21            android:grantUriPermissions="true"
21-->src\main\AndroidManifest.xml:17:13-47
22            tools:replace="android:authorities" >
22-->src\main\AndroidManifest.xml:13:13-48
23            <meta-data
23-->src\main\AndroidManifest.xml:18:13-21:61
24                android:name="android.support.FILE_PROVIDER_PATHS"
24-->src\main\AndroidManifest.xml:20:17-67
25                android:resource="@xml/lmedia_file_paths"
25-->src\main\AndroidManifest.xml:21:17-58
26                tools:replace="android:resource" />
26-->src\main\AndroidManifest.xml:19:17-49
27        </provider>
28    </application>
29
30</manifest>